demo/build/outputs/logs/manifest-merger-debug-report.txt
-- Merging decision tree log ---
manifest
ADDED from nim_demo\demo\AndroidManifest.xml:2:1-362:12
	xmlns:android
		ADDED from nim_demo\demo\AndroidManifest.xml:4:5-63
	package
		ADDED from nim_demo\demo\AndroidManifest.xml:3:5-35
	android:versionName
		ADDED from nim_demo\demo\AndroidManifest.xml:7:5-32
		INJECTED from nim_demo\demo\AndroidManifest.xml
		INJECTED from nim_demo\demo\AndroidManifest.xml
	android:versionCode
		ADDED from nim_demo\demo\AndroidManifest.xml:6:5-29
		INJECTED from nim_demo\demo\AndroidManifest.xml
		INJECTED from nim_demo\demo\AndroidManifest.xml
	android:installLocation
		ADDED from nim_demo\demo\AndroidManifest.xml:5:5-35
uses-permission#android.permission.INTERNET
ADDED from nim_demo\demo\AndroidManifest.xml:11:5-66
	android:name
		ADDED from nim_demo\demo\AndroidManifest.xml:11:22-64
uses-permission#android.permission.ACCESS_NETWORK_STATE
ADDED from nim_demo\demo\AndroidManifest.xml:12:5-78
	android:name
		ADDED from nim_demo\demo\AndroidManifest.xml:12:22-76
uses-permission#android.permission.ACCESS_WIFI_STATE
ADDED from nim_demo\demo\AndroidManifest.xml:13:5-75
	android:name
		ADDED from nim_demo\demo\AndroidManifest.xml:13:22-73
uses-permission#android.permission.CHANGE_WIFI_STATE
ADDED from nim_demo\demo\AndroidManifest.xml:14:5-75
	android:name
		ADDED from nim_demo\demo\AndroidManifest.xml:14:22-73
uses-permission#android.permission.ACCESS_FINE_LOCATION
ADDED from nim_demo\demo\AndroidManifest.xml:15:5-78
	android:name
		ADDED from nim_demo\demo\AndroidManifest.xml:15:22-76
uses-permission#android.permission.ACCESS_COARSE_LOCATION
ADDED from nim_demo\demo\AndroidManifest.xml:16:5-80
	android:name
		ADDED from nim_demo\demo\AndroidManifest.xml:16:22-78
uses-permission#android.permission.WRITE_SETTINGS
ADDED from nim_demo\demo\AndroidManifest.xml:17:5-72
	android:name
		ADDED from nim_demo\demo\AndroidManifest.xml:17:22-70
uses-permission#android.permission.GET_TASKS
ADDED from nim_demo\demo\AndroidManifest.xml:20:5-67
	android:name
		ADDED from nim_demo\demo\AndroidManifest.xml:20:22-65
uses-permission#android.permission.FLASHLIGHT
ADDED from nim_demo\demo\AndroidManifest.xml:21:5-68
	android:name
		ADDED from nim_demo\demo\AndroidManifest.xml:21:22-66
uses-permission#android.permission.VIBRATE
ADDED from nim_demo\demo\AndroidManifest.xml:22:5-65
	android:name
		ADDED from nim_demo\demo\AndroidManifest.xml:22:22-63
uses-permission#android.permission.WAKE_LOCK
ADDED from nim_demo\demo\AndroidManifest.xml:23:5-67
	android:name
		ADDED from nim_demo\demo\AndroidManifest.xml:23:22-65
uses-permission#android.permission.BLUETOOTH
ADDED from nim_demo\demo\AndroidManifest.xml:24:5-67
	android:name
		ADDED from nim_demo\demo\AndroidManifest.xml:24:22-65
uses-permission#android.permission.BLUETOOTH_ADMIN
ADDED from nim_demo\demo\AndroidManifest.xml:25:5-73
	android:name
		ADDED from nim_demo\demo\AndroidManifest.xml:25:22-71
uses-permission#android.permission.CHANGE_CONFIGURATION
ADDED from nim_demo\demo\AndroidManifest.xml:26:5-78
	android:name
		ADDED from nim_demo\demo\AndroidManifest.xml:26:22-76
uses-permission#android.permission.MODIFY_AUDIO_SETTINGS
ADDED from nim_demo\demo\AndroidManifest.xml:27:5-79
	android:name
		ADDED from nim_demo\demo\AndroidManifest.xml:27:22-77
uses-permission#android.permission.READ_EXTERNAL_STORAGE
ADDED from nim_demo\demo\AndroidManifest.xml:30:5-79
	android:name
		ADDED from nim_demo\demo\AndroidManifest.xml:30:22-77
uses-permission#android.permission.WRITE_EXTERNAL_STORAGE
ADDED from nim_demo\demo\AndroidManifest.xml:31:5-80
	android:name
		ADDED from nim_demo\demo\AndroidManifest.xml:31:22-78
uses-permission#android.permission.CAMERA
ADDED from nim_demo\demo\AndroidManifest.xml:34:5-64
	android:name
		ADDED from nim_demo\demo\AndroidManifest.xml:34:22-62
uses-permission#android.permission.RECORD_AUDIO
ADDED from nim_demo\demo\AndroidManifest.xml:35:5-70
	android:name
		ADDED from nim_demo\demo\AndroidManifest.xml:35:22-68
uses-permission#android.permission.READ_PHONE_STATE
ADDED from nim_demo\demo\AndroidManifest.xml:36:5-74
	android:name
		ADDED from nim_demo\demo\AndroidManifest.xml:36:22-72
permission#com.netease.nim.demo.permission.RECEIVE_MSG
ADDED from nim_demo\demo\AndroidManifest.xml:40:5-42:46
	android:protectionLevel
		ADDED from nim_demo\demo\AndroidManifest.xml:42:9-44
	android:name
		ADDED from nim_demo\demo\AndroidManifest.xml:41:9-67
uses-permission#com.netease.nim.demo.permission.RECEIVE_MSG
ADDED from nim_demo\demo\AndroidManifest.xml:45:5-82
	android:name
		ADDED from nim_demo\demo\AndroidManifest.xml:45:22-80
application
ADDED from nim_demo\demo\AndroidManifest.xml:47:5-360:19
MERGED from [nim_demo:uikit:unspecified] AndroidManifest.xml:9:5-123:19
MERGED from [com.android.support:appcompat-v7:19.1.0] AndroidManifest.xml:19:5-20
	android:label
		ADDED from nim_demo\demo\AndroidManifest.xml:51:9-41
	android:allowBackup
		ADDED from nim_demo\demo\AndroidManifest.xml:49:9-35
	android:icon
		ADDED from nim_demo\demo\AndroidManifest.xml:50:9-41
	android:theme
		ADDED from nim_demo\demo\AndroidManifest.xml:52:9-55
	android:name
		ADDED from nim_demo\demo\AndroidManifest.xml:48:9-39
meta-data#com.amap.api.v2.apikey
ADDED from nim_demo\demo\AndroidManifest.xml:55:9-57:42
	android:name
		ADDED from nim_demo\demo\AndroidManifest.xml:56:13-50
	android:value
		ADDED from nim_demo\demo\AndroidManifest.xml:57:13-40
		INJECTED from nim_demo\demo\AndroidManifest.xml
meta-data#com.netease.nim.appKey
ADDED from nim_demo\demo\AndroidManifest.xml:63:9-65:63
	android:name
		ADDED from nim_demo\demo\AndroidManifest.xml:64:13-50
	android:value
		ADDED from nim_demo\demo\AndroidManifest.xml:65:13-61
uses-library#com.google.android.maps
ADDED from nim_demo\demo\AndroidManifest.xml:69:9-71:39
	android:required
		ADDED from nim_demo\demo\AndroidManifest.xml:71:13-37
	android:name
		ADDED from nim_demo\demo\AndroidManifest.xml:70:13-51
activity#com.netease.nim.demo.main.activity.WelcomeActivity
ADDED from nim_demo\demo\AndroidManifest.xml:74:9-89:20
	android:windowSoftInputMode
		ADDED from nim_demo\demo\AndroidManifest.xml:82:13-52
	android:screenOrientation
		ADDED from nim_demo\demo\AndroidManifest.xml:80:13-49
	android:label
		ADDED from nim_demo\demo\AndroidManifest.xml:78:13-45
	android:configChanges
		ADDED from nim_demo\demo\AndroidManifest.xml:76:13-63
	android:theme
		ADDED from nim_demo\demo\AndroidManifest.xml:81:13-65
	android:hardwareAccelerated
		ADDED from nim_demo\demo\AndroidManifest.xml:77:13-47
	android:name
		ADDED from nim_demo\demo\AndroidManifest.xml:75:13-58
	android:launchMode
		ADDED from nim_demo\demo\AndroidManifest.xml:79:13-43
intent-filter#android.intent.action.MAIN+android.intent.category.LAUNCHER+android.intent.category.MULTIWINDOW_LAUNCHER
ADDED from nim_demo\demo\AndroidManifest.xml:83:13-88:29
action#android.intent.action.MAIN
ADDED from nim_demo\demo\AndroidManifest.xml:84:17-68
	android:name
		ADDED from nim_demo\demo\AndroidManifest.xml:84:25-66
category#android.intent.category.LAUNCHER
ADDED from nim_demo\demo\AndroidManifest.xml:86:17-76
	android:name
		ADDED from nim_demo\demo\AndroidManifest.xml:86:27-74
category#android.intent.category.MULTIWINDOW_LAUNCHER
ADDED from nim_demo\demo\AndroidManifest.xml:87:17-88
	android:name
		ADDED from nim_demo\demo\AndroidManifest.xml:87:27-86
activity#com.netease.nim.demo.main.activity.MainActivity
ADDED from nim_demo\demo\AndroidManifest.xml:92:9-99:20
	android:windowSoftInputMode
		ADDED from nim_demo\demo\AndroidManifest.xml:98:13-52
	android:screenOrientation
		ADDED from nim_demo\demo\AndroidManifest.xml:97:13-49
	android:configChanges
		ADDED from nim_demo\demo\AndroidManifest.xml:94:13-63
	android:hardwareAccelerated
		ADDED from nim_demo\demo\AndroidManifest.xml:95:13-47
	android:name
		ADDED from nim_demo\demo\AndroidManifest.xml:93:13-55
	android:launchMode
		ADDED from nim_demo\demo\AndroidManifest.xml:96:13-43
activity#com.netease.nim.demo.main.activity.MultiportActivity
ADDED from nim_demo\demo\AndroidManifest.xml:102:9-107:20
	android:windowSoftInputMode
		ADDED from nim_demo\demo\AndroidManifest.xml:106:13-67
	android:screenOrientation
		ADDED from nim_demo\demo\AndroidManifest.xml:105:13-49
	android:configChanges
		ADDED from nim_demo\demo\AndroidManifest.xml:104:13-63
	android:name
		ADDED from nim_demo\demo\AndroidManifest.xml:103:13-60
activity#com.netease.nim.demo.login.LoginActivity
ADDED from nim_demo\demo\AndroidManifest.xml:110:9-116:69
	android:windowSoftInputMode
		ADDED from nim_demo\demo\AndroidManifest.xml:116:13-67
	android:screenOrientation
		ADDED from nim_demo\demo\AndroidManifest.xml:114:13-49
	android:label
		ADDED from nim_demo\demo\AndroidManifest.xml:113:13-42
	android:configChanges
		ADDED from nim_demo\demo\AndroidManifest.xml:112:13-48
	android:theme
		ADDED from nim_demo\demo\AndroidManifest.xml:115:13-54
	android:name
		ADDED from nim_demo\demo\AndroidManifest.xml:111:13-48
activity#com.netease.nim.demo.main.activity.AboutActivity
ADDED from nim_demo\demo\AndroidManifest.xml:119:9-125:74
	android:windowSoftInputMode
		ADDED from nim_demo\demo\AndroidManifest.xml:125:13-72
	android:screenOrientation
		ADDED from nim_demo\demo\AndroidManifest.xml:123:13-49
	android:label
		ADDED from nim_demo\demo\AndroidManifest.xml:122:13-42
	android:configChanges
		ADDED from nim_demo\demo\AndroidManifest.xml:121:13-48
	android:theme
		ADDED from nim_demo\demo\AndroidManifest.xml:124:13-61
	android:name
		ADDED from nim_demo\demo\AndroidManifest.xml:120:13-56
activity#com.netease.nim.demo.main.activity.SettingsActivity
ADDED from nim_demo\demo\AndroidManifest.xml:127:9-131:62
	android:windowSoftInputMode
		ADDED from nim_demo\demo\AndroidManifest.xml:131:13-60
	android:screenOrientation
		ADDED from nim_demo\demo\AndroidManifest.xml:130:13-49
	android:configChanges
		ADDED from nim_demo\demo\AndroidManifest.xml:129:13-48
	android:name
		ADDED from nim_demo\demo\AndroidManifest.xml:128:13-59
activity#com.netease.nim.demo.main.activity.NoDisturbActivity
ADDED from nim_demo\demo\AndroidManifest.xml:133:9-137:74
	android:windowSoftInputMode
		ADDED from nim_demo\demo\AndroidManifest.xml:137:13-72
	android:screenOrientation
		ADDED from nim_demo\demo\AndroidManifest.xml:136:13-49
	android:configChanges
		ADDED from nim_demo\demo\AndroidManifest.xml:135:13-48
	android:name
		ADDED from nim_demo\demo\AndroidManifest.xml:134:13-60
activity#com.netease.nim.demo.contact.activity.AddFriendActivity
ADDED from nim_demo\demo\AndroidManifest.xml:139:9-143:74
	android:windowSoftInputMode
		ADDED from nim_demo\demo\AndroidManifest.xml:143:13-72
	android:screenOrientation
		ADDED from nim_demo\demo\AndroidManifest.xml:142:13-49
	android:configChanges
		ADDED from nim_demo\demo\AndroidManifest.xml:141:13-48
	android:name
		ADDED from nim_demo\demo\AndroidManifest.xml:140:13-63
activity#com.netease.nim.demo.contact.activity.UserProfileActivity
ADDED from nim_demo\demo\AndroidManifest.xml:145:9-149:74
	android:windowSoftInputMode
		ADDED from nim_demo\demo\AndroidManifest.xml:149:13-72
	android:screenOrientation
		ADDED from nim_demo\demo\AndroidManifest.xml:148:13-49
	android:configChanges
		ADDED from nim_demo\demo\AndroidManifest.xml:147:13-48
	android:name
		ADDED from nim_demo\demo\AndroidManifest.xml:146:13-65
activity#com.netease.nim.demo.contact.activity.UserProfileSettingActivity
ADDED from nim_demo\demo\AndroidManifest.xml:151:9-155:74
	android:windowSoftInputMode
		ADDED from nim_demo\demo\AndroidManifest.xml:155:13-72
	android:screenOrientation
		ADDED from nim_demo\demo\AndroidManifest.xml:154:13-49
	android:configChanges
		ADDED from nim_demo\demo\AndroidManifest.xml:153:13-48
	android:name
		ADDED from nim_demo\demo\AndroidManifest.xml:152:13-72
activity#com.netease.nim.demo.contact.activity.UserProfileEditItemActivity
ADDED from nim_demo\demo\AndroidManifest.xml:157:9-161:74
	android:windowSoftInputMode
		ADDED from nim_demo\demo\AndroidManifest.xml:161:13-72
	android:screenOrientation
		ADDED from nim_demo\demo\AndroidManifest.xml:160:13-49
	android:configChanges
		ADDED from nim_demo\demo\AndroidManifest.xml:159:13-48
	android:name
		ADDED from nim_demo\demo\AndroidManifest.xml:158:13-73
activity#com.netease.nim.demo.contact.activity.BlackListActivity
ADDED from nim_demo\demo\AndroidManifest.xml:163:9-167:74
	android:windowSoftInputMode
		ADDED from nim_demo\demo\AndroidManifest.xml:167:13-72
	android:screenOrientation
		ADDED from nim_demo\demo\AndroidManifest.xml:166:13-49
	android:configChanges
		ADDED from nim_demo\demo\AndroidManifest.xml:165:13-48
	android:name
		ADDED from nim_demo\demo\AndroidManifest.xml:164:13-63
activity#com.netease.nim.demo.main.activity.EditNicknameActivity
ADDED from nim_demo\demo\AndroidManifest.xml:169:9-173:74
	android:windowSoftInputMode
		ADDED from nim_demo\demo\AndroidManifest.xml:173:13-72
	android:screenOrientation
		ADDED from nim_demo\demo\AndroidManifest.xml:172:13-49
	android:configChanges
		ADDED from nim_demo\demo\AndroidManifest.xml:171:13-48
	android:name
		ADDED from nim_demo\demo\AndroidManifest.xml:170:13-63
activity#com.netease.nim.demo.file.browser.FileBrowserActivity
ADDED from nim_demo\demo\AndroidManifest.xml:176:9-181:74
	android:windowSoftInputMode
		ADDED from nim_demo\demo\AndroidManifest.xml:181:13-72
	android:screenOrientation
		ADDED from nim_demo\demo\AndroidManifest.xml:180:13-49
	android:label
		ADDED from nim_demo\demo\AndroidManifest.xml:179:13-49
	android:configChanges
		ADDED from nim_demo\demo\AndroidManifest.xml:178:13-48
	android:name
		ADDED from nim_demo\demo\AndroidManifest.xml:177:13-61
activity#com.netease.nim.demo.main.activity.SystemMessageActivity
ADDED from nim_demo\demo\AndroidManifest.xml:183:9-188:69
	android:windowSoftInputMode
		ADDED from nim_demo\demo\AndroidManifest.xml:188:13-67
	android:screenOrientation
		ADDED from nim_demo\demo\AndroidManifest.xml:186:13-49
	android:configChanges
		ADDED from nim_demo\demo\AndroidManifest.xml:185:13-63
	android:theme
		ADDED from nim_demo\demo\AndroidManifest.xml:187:13-61
	android:name
		ADDED from nim_demo\demo\AndroidManifest.xml:184:13-64
activity#com.netease.nim.demo.main.activity.CustomNotificationActivity
ADDED from nim_demo\demo\AndroidManifest.xml:189:9-194:69
	android:windowSoftInputMode
		ADDED from nim_demo\demo\AndroidManifest.xml:194:13-67
	android:screenOrientation
		ADDED from nim_demo\demo\AndroidManifest.xml:192:13-49
	android:configChanges
		ADDED from nim_demo\demo\AndroidManifest.xml:191:13-63
	android:theme
		ADDED from nim_demo\demo\AndroidManifest.xml:193:13-61
	android:name
		ADDED from nim_demo\demo\AndroidManifest.xml:190:13-69
activity#com.netease.nim.demo.session.activity.MessageHistoryActivity
ADDED from nim_demo\demo\AndroidManifest.xml:195:9-200:69
	android:windowSoftInputMode
		ADDED from nim_demo\demo\AndroidManifest.xml:200:13-67
	android:screenOrientation
		ADDED from nim_demo\demo\AndroidManifest.xml:198:13-49
	android:configChanges
		ADDED from nim_demo\demo\AndroidManifest.xml:197:13-63
	android:theme
		ADDED from nim_demo\demo\AndroidManifest.xml:199:13-61
	android:name
		ADDED from nim_demo\demo\AndroidManifest.xml:196:13-68
activity#com.netease.nim.demo.session.activity.MessageInfoActivity
ADDED from nim_demo\demo\AndroidManifest.xml:201:9-206:69
	android:windowSoftInputMode
		ADDED from nim_demo\demo\AndroidManifest.xml:206:13-67
	android:screenOrientation
		ADDED from nim_demo\demo\AndroidManifest.xml:204:13-49
	android:configChanges
		ADDED from nim_demo\demo\AndroidManifest.xml:203:13-63
	android:theme
		ADDED from nim_demo\demo\AndroidManifest.xml:205:13-59
	android:name
		ADDED from nim_demo\demo\AndroidManifest.xml:202:13-65
activity#com.netease.nim.demo.team.activity.AdvancedTeamSearchActivity
ADDED from nim_demo\demo\AndroidManifest.xml:208:9-212:69
	android:windowSoftInputMode
		ADDED from nim_demo\demo\AndroidManifest.xml:212:13-67
	android:screenOrientation
		ADDED from nim_demo\demo\AndroidManifest.xml:211:13-49
	android:configChanges
		ADDED from nim_demo\demo\AndroidManifest.xml:210:13-63
	android:name
		ADDED from nim_demo\demo\AndroidManifest.xml:209:13-69
activity#com.netease.nim.demo.team.activity.AdvancedTeamJoinActivity
ADDED from nim_demo\demo\AndroidManifest.xml:214:9-218:69
	android:windowSoftInputMode
		ADDED from nim_demo\demo\AndroidManifest.xml:218:13-67
	android:screenOrientation
		ADDED from nim_demo\demo\AndroidManifest.xml:217:13-49
	android:configChanges
		ADDED from nim_demo\demo\AndroidManifest.xml:216:13-63
	android:name
		ADDED from nim_demo\demo\AndroidManifest.xml:215:13-67
activity#com.netease.nim.demo.main.activity.TeamListActivity
ADDED from nim_demo\demo\AndroidManifest.xml:220:9-224:66
	android:windowSoftInputMode
		ADDED from nim_demo\demo\AndroidManifest.xml:224:13-64
	android:screenOrientation
		ADDED from nim_demo\demo\AndroidManifest.xml:223:13-49
	android:configChanges
		ADDED from nim_demo\demo\AndroidManifest.xml:222:13-63
	android:name
		ADDED from nim_demo\demo\AndroidManifest.xml:221:13-59
activity#com.netease.nim.demo.main.activity.GlobalSearchActivity
ADDED from nim_demo\demo\AndroidManifest.xml:227:9-233:20
	android:windowSoftInputMode
		ADDED from nim_demo\demo\AndroidManifest.xml:232:13-59
	android:screenOrientation
		ADDED from nim_demo\demo\AndroidManifest.xml:230:13-49
	android:configChanges
		ADDED from nim_demo\demo\AndroidManifest.xml:229:13-63
	android:theme
		ADDED from nim_demo\demo\AndroidManifest.xml:231:13-52
	android:name
		ADDED from nim_demo\demo\AndroidManifest.xml:228:13-63
activity#com.netease.nim.demo.session.activity.WatchSnapChatPictureActivity
ADDED from nim_demo\demo\AndroidManifest.xml:236:9-238:53
	android:configChanges
		ADDED from nim_demo\demo\AndroidManifest.xml:238:13-51
	android:name
		ADDED from nim_demo\demo\AndroidManifest.xml:237:13-74
activity#com.netease.nim.demo.location.activity.LocationAmapActivity
ADDED from nim_demo\demo\AndroidManifest.xml:240:9-244:51
	android:screenOrientation
		ADDED from nim_demo\demo\AndroidManifest.xml:244:13-49
	android:label
		ADDED from nim_demo\demo\AndroidManifest.xml:243:13-49
	android:configChanges
		ADDED from nim_demo\demo\AndroidManifest.xml:242:13-63
	android:name
		ADDED from nim_demo\demo\AndroidManifest.xml:241:13-67
activity#com.netease.nim.demo.location.activity.NavigationAmapActivity
ADDED from nim_demo\demo\AndroidManifest.xml:245:9-249:51
	android:screenOrientation
		ADDED from nim_demo\demo\AndroidManifest.xml:249:13-49
	android:label
		ADDED from nim_demo\demo\AndroidManifest.xml:248:13-54
	android:configChanges
		ADDED from nim_demo\demo\AndroidManifest.xml:247:13-63
	android:name
		ADDED from nim_demo\demo\AndroidManifest.xml:246:13-69
activity#com.netease.nim.demo.avchat.activity.AVChatActivity
ADDED from nim_demo\demo\AndroidManifest.xml:252:9-257:62
	android:windowSoftInputMode
		ADDED from nim_demo\demo\AndroidManifest.xml:257:13-60
	android:screenOrientation
		ADDED from nim_demo\demo\AndroidManifest.xml:255:13-49
	android:theme
		ADDED from nim_demo\demo\AndroidManifest.xml:256:13-77
	android:name
		ADDED from nim_demo\demo\AndroidManifest.xml:253:13-59
	android:launchMode
		ADDED from nim_demo\demo\AndroidManifest.xml:254:13-48
activity#com.netease.nim.demo.rts.activity.RTSActivity
ADDED from nim_demo\demo\AndroidManifest.xml:260:9-264:62
	android:windowSoftInputMode
		ADDED from nim_demo\demo\AndroidManifest.xml:264:13-60
	android:screenOrientation
		ADDED from nim_demo\demo\AndroidManifest.xml:263:13-49
	android:name
		ADDED from nim_demo\demo\AndroidManifest.xml:261:13-53
	android:launchMode
		ADDED from nim_demo\demo\AndroidManifest.xml:262:13-48
activity#com.netease.nim.demo.session.search.SearchMessageActivity
ADDED from nim_demo\demo\AndroidManifest.xml:267:9-272:71
	android:windowSoftInputMode
		ADDED from nim_demo\demo\AndroidManifest.xml:272:13-69
	android:screenOrientation
		ADDED from nim_demo\demo\AndroidManifest.xml:270:13-49
	android:configChanges
		ADDED from nim_demo\demo\AndroidManifest.xml:269:13-63
	android:theme
		ADDED from nim_demo\demo\AndroidManifest.xml:271:13-52
	android:name
		ADDED from nim_demo\demo\AndroidManifest.xml:268:13-65
activity#com.netease.nim.demo.session.search.DisplayMessageActivity
ADDED from nim_demo\demo\AndroidManifest.xml:274:9-279:69
	android:windowSoftInputMode
		ADDED from nim_demo\demo\AndroidManifest.xml:279:13-67
	android:screenOrientation
		ADDED from nim_demo\demo\AndroidManifest.xml:277:13-49
	android:configChanges
		ADDED from nim_demo\demo\AndroidManifest.xml:276:13-63
	android:theme
		ADDED from nim_demo\demo\AndroidManifest.xml:278:13-61
	android:name
		ADDED from nim_demo\demo\AndroidManifest.xml:275:13-66
activity#com.netease.nim.demo.chatroom.activity.ChatRoomActivity
ADDED from nim_demo\demo\AndroidManifest.xml:282:9-286:69
	android:windowSoftInputMode
		ADDED from nim_demo\demo\AndroidManifest.xml:286:13-67
	android:screenOrientation
		ADDED from nim_demo\demo\AndroidManifest.xml:284:13-49
	android:theme
		ADDED from nim_demo\demo\AndroidManifest.xml:285:13-66
	android:name
		ADDED from nim_demo\demo\AndroidManifest.xml:283:13-63
service#com.netease.nimlib.service.NimService
ADDED from nim_demo\demo\AndroidManifest.xml:289:9-291:38
	android:process
		ADDED from nim_demo\demo\AndroidManifest.xml:291:13-36
	android:name
		ADDED from nim_demo\demo\AndroidManifest.xml:290:13-65
service#com.netease.nimlib.service.NimService$Aux
ADDED from nim_demo\demo\AndroidManifest.xml:294:9-296:38
	android:process
		ADDED from nim_demo\demo\AndroidManifest.xml:296:13-36
	android:name
		ADDED from nim_demo\demo\AndroidManifest.xml:295:13-69
receiver#com.netease.nimlib.service.NimReceiver
ADDED from nim_demo\demo\AndroidManifest.xml:299:9-307:20
	android:process
		ADDED from nim_demo\demo\AndroidManifest.xml:302:13-36
	android:exported
		ADDED from nim_demo\demo\AndroidManifest.xml:301:13-37
	android:name
		ADDED from nim_demo\demo\AndroidManifest.xml:300:13-66
intent-filter#android.intent.action.BOOT_COMPLETED+android.net.conn.CONNECTIVITY_CHANGE
ADDED from nim_demo\demo\AndroidManifest.xml:303:13-306:29
action#android.intent.action.BOOT_COMPLETED
ADDED from nim_demo\demo\AndroidManifest.xml:304:17-78
	android:name
		ADDED from nim_demo\demo\AndroidManifest.xml:304:25-76
action#android.net.conn.CONNECTIVITY_CHANGE
ADDED from nim_demo\demo\AndroidManifest.xml:305:17-78
	android:name
		ADDED from nim_demo\demo\AndroidManifest.xml:305:25-76
receiver#com.netease.nimlib.service.ResponseReceiver
ADDED from nim_demo\demo\AndroidManifest.xml:310:9-79
	android:name
		ADDED from nim_demo\demo\AndroidManifest.xml:310:19-77
receiver#com.netease.nim.demo.receiver.CustomNotificationReceiver
ADDED from nim_demo\demo\AndroidManifest.xml:314:9-321:20
	android:exported
		ADDED from nim_demo\demo\AndroidManifest.xml:317:13-37
	android:enabled
		ADDED from nim_demo\demo\AndroidManifest.xml:316:13-35
	android:name
		ADDED from nim_demo\demo\AndroidManifest.xml:315:13-64
intent-filter#com.netease.nim.demo.ACTION.RECEIVE_CUSTOM_NOTIFICATION
ADDED from nim_demo\demo\AndroidManifest.xml:318:13-320:29
action#com.netease.nim.demo.ACTION.RECEIVE_CUSTOM_NOTIFICATION
ADDED from nim_demo\demo\AndroidManifest.xml:319:17-97
	android:name
		ADDED from nim_demo\demo\AndroidManifest.xml:319:25-95
receiver#com.netease.nimlib.receiver.RTSBroadcastReceiver
ADDED from nim_demo\demo\AndroidManifest.xml:324:9-331:20
	android:exported
		ADDED from nim_demo\demo\AndroidManifest.xml:327:13-37
	android:enabled
		ADDED from nim_demo\demo\AndroidManifest.xml:326:13-35
	android:name
		ADDED from nim_demo\demo\AndroidManifest.xml:325:13-76
intent-filter#com.netease.nim.demo.ACTION.RECEIVE_RTS_NOTIFICATION
ADDED from nim_demo\demo\AndroidManifest.xml:328:13-330:29
action#com.netease.nim.demo.ACTION.RECEIVE_RTS_NOTIFICATION
ADDED from nim_demo\demo\AndroidManifest.xml:329:17-94
	android:name
		ADDED from nim_demo\demo\AndroidManifest.xml:329:25-92
receiver#com.netease.nimlib.receiver.IncomingCallReceiver
ADDED from nim_demo\demo\AndroidManifest.xml:334:9-338:20
	android:name
		ADDED from nim_demo\demo\AndroidManifest.xml:334:19-82
intent-filter#android.intent.action.PHONE_STATE
ADDED from nim_demo\demo\AndroidManifest.xml:335:13-337:29
action#android.intent.action.PHONE_STATE
ADDED from nim_demo\demo\AndroidManifest.xml:336:17-75
	android:name
		ADDED from nim_demo\demo\AndroidManifest.xml:336:25-73
service#com.netease.cosine.core.CosineService
ADDED from nim_demo\demo\AndroidManifest.xml:341:9-344:19
	android:process
		ADDED from nim_demo\demo\AndroidManifest.xml:343:13-38
	android:name
		ADDED from nim_demo\demo\AndroidManifest.xml:342:13-65
receiver#com.netease.cosine.target.CosineReceiver
ADDED from nim_demo\demo\AndroidManifest.xml:346:9-350:20
	android:process
		ADDED from nim_demo\demo\AndroidManifest.xml:349:13-38
	android:exported
		ADDED from nim_demo\demo\AndroidManifest.xml:348:13-36
	android:name
		ADDED from nim_demo\demo\AndroidManifest.xml:347:13-68
meta-data#com.netease.cosine.target
ADDED from nim_demo\demo\AndroidManifest.xml:353:9-355:31
	android:name
		ADDED from nim_demo\demo\AndroidManifest.xml:354:13-53
	android:value
		ADDED from nim_demo\demo\AndroidManifest.xml:355:13-29
meta-data#com.netease.cosine.target.receiver
ADDED from nim_demo\demo\AndroidManifest.xml:356:9-358:69
	android:name
		ADDED from nim_demo\demo\AndroidManifest.xml:357:13-62
	android:value
		ADDED from nim_demo\demo\AndroidManifest.xml:358:13-67
uses-sdk
INJECTED from nim_demo\demo\AndroidManifest.xml reason: use-sdk injection requested
MERGED from [nim_demo:uikit:unspecified] AndroidManifest.xml:5:5-7:41
MERGED from [com.android.support:appcompat-v7:19.1.0] AndroidManifest.xml:18:5-42
	android:targetSdkVersion
		INJECTED from nim_demo\demo\AndroidManifest.xml
		INJECTED from nim_demo\demo\AndroidManifest.xml
	android:minSdkVersion
		INJECTED from nim_demo\demo\AndroidManifest.xml
		INJECTED from nim_demo\demo\AndroidManifest.xml
activity#com.netease.nim.uikit.session.activity.P2PMessageActivity
ADDED from [nim_demo:uikit:unspecified] AndroidManifest.xml:16:9-20:70
	android:windowSoftInputMode
		ADDED from [nim_demo:uikit:unspecified] AndroidManifest.xml:20:13-67
	android:screenOrientation
		ADDED from [nim_demo:uikit:unspecified] AndroidManifest.xml:19:13-49
	android:configChanges
		ADDED from [nim_demo:uikit:unspecified] AndroidManifest.xml:18:13-63
	android:name
		ADDED from [nim_demo:uikit:unspecified] AndroidManifest.xml:17:13-85
activity#com.netease.nim.uikit.session.activity.TeamMessageActivity
ADDED from [nim_demo:uikit:unspecified] AndroidManifest.xml:21:9-25:70
	android:windowSoftInputMode
		ADDED from [nim_demo:uikit:unspecified] AndroidManifest.xml:25:13-67
	android:screenOrientation
		ADDED from [nim_demo:uikit:unspecified] AndroidManifest.xml:24:13-49
	android:configChanges
		ADDED from [nim_demo:uikit:unspecified] AndroidManifest.xml:23:13-63
	android:name
		ADDED from [nim_demo:uikit:unspecified] AndroidManifest.xml:22:13-86
activity#com.netease.nim.uikit.team.activity.NormalTeamInfoActivity
ADDED from [nim_demo:uikit:unspecified] AndroidManifest.xml:28:9-32:70
	android:windowSoftInputMode
		ADDED from [nim_demo:uikit:unspecified] AndroidManifest.xml:32:13-67
	android:screenOrientation
		ADDED from [nim_demo:uikit:unspecified] AndroidManifest.xml:31:13-49
	android:configChanges
		ADDED from [nim_demo:uikit:unspecified] AndroidManifest.xml:30:13-63
	android:name
		ADDED from [nim_demo:uikit:unspecified] AndroidManifest.xml:29:13-86
activity#com.netease.nim.uikit.team.activity.AdvancedTeamInfoActivity
ADDED from [nim_demo:uikit:unspecified] AndroidManifest.xml:33:9-37:70
	android:windowSoftInputMode
		ADDED from [nim_demo:uikit:unspecified] AndroidManifest.xml:37:13-67
	android:screenOrientation
		ADDED from [nim_demo:uikit:unspecified] AndroidManifest.xml:36:13-49
	android:configChanges
		ADDED from [nim_demo:uikit:unspecified] AndroidManifest.xml:35:13-63
	android:name
		ADDED from [nim_demo:uikit:unspecified] AndroidManifest.xml:34:13-88
activity#com.netease.nim.uikit.team.activity.AdvancedTeamMemberActivity
ADDED from [nim_demo:uikit:unspecified] AndroidManifest.xml:38:9-42:70
	android:windowSoftInputMode
		ADDED from [nim_demo:uikit:unspecified] AndroidManifest.xml:42:13-67
	android:screenOrientation
		ADDED from [nim_demo:uikit:unspecified] AndroidManifest.xml:41:13-49
	android:configChanges
		ADDED from [nim_demo:uikit:unspecified] AndroidManifest.xml:40:13-63
	android:name
		ADDED from [nim_demo:uikit:unspecified] AndroidManifest.xml:39:13-90
activity#com.netease.nim.uikit.team.activity.AdvancedTeamAnnounceActivity
ADDED from [nim_demo:uikit:unspecified] AndroidManifest.xml:43:9-47:70
	android:windowSoftInputMode
		ADDED from [nim_demo:uikit:unspecified] AndroidManifest.xml:47:13-67
	android:screenOrientation
		ADDED from [nim_demo:uikit:unspecified] AndroidManifest.xml:46:13-49
	android:configChanges
		ADDED from [nim_demo:uikit:unspecified] AndroidManifest.xml:45:13-63
	android:name
		ADDED from [nim_demo:uikit:unspecified] AndroidManifest.xml:44:13-92
activity#com.netease.nim.uikit.team.activity.AdvancedTeamMemberInfoActivity
ADDED from [nim_demo:uikit:unspecified] AndroidManifest.xml:48:9-52:70
	android:windowSoftInputMode
		ADDED from [nim_demo:uikit:unspecified] AndroidManifest.xml:52:13-67
	android:screenOrientation
		ADDED from [nim_demo:uikit:unspecified] AndroidManifest.xml:51:13-49
	android:configChanges
		ADDED from [nim_demo:uikit:unspecified] AndroidManifest.xml:50:13-63
	android:name
		ADDED from [nim_demo:uikit:unspecified] AndroidManifest.xml:49:13-94
activity#com.netease.nim.uikit.team.activity.AdvancedTeamNicknameActivity
ADDED from [nim_demo:uikit:unspecified] AndroidManifest.xml:53:9-57:70
	android:windowSoftInputMode
		ADDED from [nim_demo:uikit:unspecified] AndroidManifest.xml:57:13-67
	android:screenOrientation
		ADDED from [nim_demo:uikit:unspecified] AndroidManifest.xml:56:13-49
	android:configChanges
		ADDED from [nim_demo:uikit:unspecified] AndroidManifest.xml:55:13-63
	android:name